58511 [main] INFO TC_BaiDuSearch.class - ~~~~~~ Test Point 【 GoToHome 】  : (回到首页)  is 【 fail 】  {can not go to home page}
58520 [main] INFO TC_BaiDuSearch.class - ~~~~~~~~~~~~ Start to Capture the Screen ~~~~~~~~~~~~
58987 [main] INFO TC_BaiDuSearch.class - ~~~~~~~~~~~~ The Screen Capture is :F:\work\projects\ideaworkspace\webautomationtestdriver\bin\logs\2018-01-27 23_33_22_ChromeDriver\common_demo_TC_BaiDuSearch\2018-01-27 23_34_21_351.jpg ~~~~~~~~~~~~
59172 [main] INFO TC_BaiDuSearch.class - ~~~~~~~~~~~~Finish to Capture the Screen ~~~~~~~~~~~~
60820 [main] ERROR TC_BaiDuSearch.class - ~~~~~~~~~~~~~~ find ElementById:su is failed ~~~~~~~~~~~~
60821 [main] INFO TC_BaiDuSearch.class - Exception
org.openqa.selenium.NoSuchWindowException: no such window: target window already closed
from unknown error: web view not found
  (Session info: chrome=62.0.3202.62)
  (Driver info: chromedriver=2.34.522940 (1a76f96f66e3ca7b8e57d503b4dd3bccfba87af1),platform=Windows NT 10.0.15063 x86_64) (WARNING: The server did not provide any stacktrace information)
Command duration or timeout: 2 milliseconds
Build info: version: '2.53.0', revision: '35ae25b', time: '2016-03-15 17:00:58'
System info: host: 'GLASH', ip: '192.168.2.104', os.name: 'Windows 10', os.arch: 'amd64', os.version: '10.0', java.version: '1.8.0_121'
Driver info: org.openqa.selenium.chrome.ChromeDriver
Capabilities [{applicationCacheEnabled=false, rotatable=false, mobileEmulationEnabled=false, networkConnectionEnabled=false, chrome={chromedriverVersion=2.34.522940 (1a76f96f66e3ca7b8e57d503b4dd3bccfba87af1), userDataDir=C:\Users\dell\AppData\Local\Temp\scoped_dir9076_21914}, takesHeapSnapshot=true, pageLoadStrategy=normal, databaseEnabled=false, handlesAlerts=true, hasTouchScreen=false, version=62.0.3202.62, platform=XP, browserConnectionEnabled=false, nativeEvents=true, acceptSslCerts=true, locationContextEnabled=true, webStorageEnabled=true, browserName=chrome, takesScreenshot=true, javascriptEnabled=true, cssSelectorsEnabled=true, setWindowRect=true, unexpectedAlertBehaviour=}]
Session ID: c473b6dbed7b3095c91fd71aee188d58
*** Element info: {Using=id, value=su}
	at sun.reflect.NativeConstructorAccessorImpl.newInstance0(Native Method)
	at sun.reflect.NativeConstructorAccessorImpl.newInstance(NativeConstructorAccessorImpl.java:62)
	at sun.reflect.DelegatingConstructorAccessorImpl.newInstance(DelegatingConstructorAccessorImpl.java:45)
	at java.lang.reflect.Constructor.newInstance(Constructor.java:423)
	at org.openqa.selenium.remote.ErrorHandler.createThrowable(ErrorHandler.java:206)
	at org.openqa.selenium.remote.ErrorHandler.throwIfResponseFailed(ErrorHandler.java:158)
	at org.openqa.selenium.remote.RemoteWebDriver.execute(RemoteWebDriver.java:678)
	at org.openqa.selenium.remote.RemoteWebDriver.findElement(RemoteWebDriver.java:363)
	at org.openqa.selenium.remote.RemoteWebDriver.findElementById(RemoteWebDriver.java:413)
	at org.openqa.selenium.By$ById.findElement(By.java:218)
	at org.openqa.selenium.remote.RemoteWebDriver.findElement(RemoteWebDriver.java:355)
	at com.pub.wtd.common.BaseAction.clickById(BaseAction.java:98)
	at demo.TC_BaiDuSearch.testSearch(TC_BaiDuSearch.java:65)
	at demo.TC_BaiDuSearch.execute(TC_BaiDuSearch.java:58)
	at com.pub.wtd.common.Engine.runCommonCases(Engine.java:412)
	at com.pub.wtd.common.Engine.<init>(Engine.java:160)
	at com.pub.wtd.common.Main.runCase(Main.java:50)
	at com.pub.wtd.common.Main.main(Main.java:35)
60832 [main] ERROR TC_BaiDuSearch.class - ~~~~~~~~~~~~~~ find Element:小木屋 | 免费,自由,开源,实用软件工具 is failed ~~~~~~~~~~~~
60832 [main] INFO TC_BaiDuSearch.class - Exception
org.openqa.selenium.NoSuchWindowException: no such window: target window already closed
from unknown error: web view not found
  (Session info: chrome=62.0.3202.62)
  (Driver info: chromedriver=2.34.522940 (1a76f96f66e3ca7b8e57d503b4dd3bccfba87af1),platform=Windows NT 10.0.15063 x86_64) (WARNING: The server did not provide any stacktrace information)
Command duration or timeout: 4 milliseconds
Build info: version: '2.53.0', revision: '35ae25b', time: '2016-03-15 17:00:58'
System info: host: 'GLASH', ip: '192.168.2.104', os.name: 'Windows 10', os.arch: 'amd64', os.version: '10.0', java.version: '1.8.0_121'
Driver info: org.openqa.selenium.chrome.ChromeDriver
Capabilities [{applicationCacheEnabled=false, rotatable=false, mobileEmulationEnabled=false, networkConnectionEnabled=false, chrome={chromedriverVersion=2.34.522940 (1a76f96f66e3ca7b8e57d503b4dd3bccfba87af1), userDataDir=C:\Users\dell\AppData\Local\Temp\scoped_dir9076_21914}, takesHeapSnapshot=true, pageLoadStrategy=normal, databaseEnabled=false, handlesAlerts=true, hasTouchScreen=false, version=62.0.3202.62, platform=XP, browserConnectionEnabled=false, nativeEvents=true, acceptSslCerts=true, locationContextEnabled=true, webStorageEnabled=true, browserName=chrome, takesScreenshot=true, javascriptEnabled=true, cssSelectorsEnabled=true, setWindowRect=true, unexpectedAlertBehaviour=}]
Session ID: c473b6dbed7b3095c91fd71aee188d58
*** Element info: {Using=xpath, value=//*[contains(.,'小木屋 | 免费,自由,开源,实用软件工具')]}
	at sun.reflect.NativeConstructorAccessorImpl.newInstance0(Native Method)
	at sun.reflect.NativeConstructorAccessorImpl.newInstance(NativeConstructorAccessorImpl.java:62)
	at sun.reflect.DelegatingConstructorAccessorImpl.newInstance(DelegatingConstructorAccessorImpl.java:45)
	at java.lang.reflect.Constructor.newInstance(Constructor.java:423)
	at org.openqa.selenium.remote.ErrorHandler.createThrowable(ErrorHandler.java:206)
	at org.openqa.selenium.remote.ErrorHandler.throwIfResponseFailed(ErrorHandler.java:158)
	at org.openqa.selenium.remote.RemoteWebDriver.execute(RemoteWebDriver.java:678)
	at org.openqa.selenium.remote.RemoteWebDriver.findElements(RemoteWebDriver.java:388)
	at org.openqa.selenium.remote.RemoteWebDriver.findElementsByXPath(RemoteWebDriver.java:504)
	at org.openqa.selenium.By$ByXPath.findElements(By.java:356)
	at org.openqa.selenium.remote.RemoteWebDriver.findElements(RemoteWebDriver.java:351)
	at com.pub.wtd.common.BaseAction.isTextExist(BaseAction.java:183)
	at demo.TC_BaiDuSearch.testSearch(TC_BaiDuSearch.java:66)
	at demo.TC_BaiDuSearch.execute(TC_BaiDuSearch.java:58)
	at com.pub.wtd.common.Engine.runCommonCases(Engine.java:412)
	at com.pub.wtd.common.Engine.<init>(Engine.java:160)
	at com.pub.wtd.common.Main.runCase(Main.java:50)
	at com.pub.wtd.common.Main.main(Main.java:35)
60833 [main] INFO TC_BaiDuSearch.class - ~~~~~~ Test Point 【 测试搜索 】  : (测试搜索功能)  is 【 fail 】  {百度搜索测试失败}
60836 [main] INFO TC_BaiDuSearch.class - ~~~~~~~~~~~~ Start to Capture the Screen ~~~~~~~~~~~~
60840 [main] INFO TC_BaiDuSearch.class - errorStack
org.openqa.selenium.NoSuchWindowException: no such window: target window already closed
from unknown error: web view not found
  (Session info: chrome=62.0.3202.62)
  (Driver info: chromedriver=2.34.522940 (1a76f96f66e3ca7b8e57d503b4dd3bccfba87af1),platform=Windows NT 10.0.15063 x86_64) (WARNING: The server did not provide any stacktrace information)
Command duration or timeout: 2 milliseconds
Build info: version: '2.53.0', revision: '35ae25b', time: '2016-03-15 17:00:58'
System info: host: 'GLASH', ip: '192.168.2.104', os.name: 'Windows 10', os.arch: 'amd64', os.version: '10.0', java.version: '1.8.0_121'
Driver info: org.openqa.selenium.chrome.ChromeDriver
Capabilities [{applicationCacheEnabled=false, rotatable=false, mobileEmulationEnabled=false, networkConnectionEnabled=false, chrome={chromedriverVersion=2.34.522940 (1a76f96f66e3ca7b8e57d503b4dd3bccfba87af1), userDataDir=C:\Users\dell\AppData\Local\Temp\scoped_dir9076_21914}, takesHeapSnapshot=true, pageLoadStrategy=normal, databaseEnabled=false, handlesAlerts=true, hasTouchScreen=false, version=62.0.3202.62, platform=XP, browserConnectionEnabled=false, nativeEvents=true, acceptSslCerts=true, locationContextEnabled=true, webStorageEnabled=true, browserName=chrome, takesScreenshot=true, javascriptEnabled=true, cssSelectorsEnabled=true, setWindowRect=true, unexpectedAlertBehaviour=}]
Session ID: c473b6dbed7b3095c91fd71aee188d58
	at sun.reflect.NativeConstructorAccessorImpl.newInstance0(Native Method)
	at sun.reflect.NativeConstructorAccessorImpl.newInstance(NativeConstructorAccessorImpl.java:62)
	at sun.reflect.DelegatingConstructorAccessorImpl.newInstance(DelegatingConstructorAccessorImpl.java:45)
	at java.lang.reflect.Constructor.newInstance(Constructor.java:423)
	at org.openqa.selenium.remote.ErrorHandler.createThrowable(ErrorHandler.java:206)
	at org.openqa.selenium.remote.ErrorHandler.throwIfResponseFailed(ErrorHandler.java:158)
	at org.openqa.selenium.remote.RemoteWebDriver.execute(RemoteWebDriver.java:678)
	at org.openqa.selenium.remote.RemoteWebDriver.execute(RemoteWebDriver.java:701)
	at org.openqa.selenium.remote.RemoteWebDriver.getScreenshotAs(RemoteWebDriver.java:335)
	at com.pub.wtd.util.ScreenCapture.<init>(ScreenCapture.java:39)
	at com.pub.wtd.common.BaseAction.screenCapture(BaseAction.java:53)
	at demo.TC_BaiDuSearch.testSearch(TC_BaiDuSearch.java:70)
	at demo.TC_BaiDuSearch.execute(TC_BaiDuSearch.java:58)
	at com.pub.wtd.common.Engine.runCommonCases(Engine.java:412)
	at com.pub.wtd.common.Engine.<init>(Engine.java:160)
	at com.pub.wtd.common.Main.runCase(Main.java:50)
	at com.pub.wtd.common.Main.main(Main.java:35)
60841 [main] INFO TC_BaiDuSearch.class - ~~~~~~~~~~~~ Start to Capture the Screen ~~~~~~~~~~~~
60849 [main] INFO TC_BaiDuSearch.class - ################## Finish to Execute Case: 【 TC_BaiDuSearch~demo~common 】####################
60849 [main] INFO TC_BaiDuSearch.class - #################### Test Result is : 【 block 】####################
60849 [main] INFO TC_BaiDuSearch.class - ################## The Test Description is : 【  】####################
60849 [main] INFO TC_BaiDuSearch.class - ######################################  WTD Finished ######################################
60849 [main] INFO TC_BaiDuSearch.class - ###########################################################################################
60849 [main] INFO TC_BaiDuSearch.class - ###########################################################################################
60849 [main] INFO TC_BaiDuSearch.class - ###########################################################################################
