407 [main] INFO TC_BaiDuSearch.class - Exception
org.openqa.selenium.NoSuchWindowException: no such window: target window already closed
from unknown error: web view not found
  (Session info: chrome=62.0.3202.62)
  (Driver info: chromedriver=2.34.522940 (1a76f96f66e3ca7b8e57d503b4dd3bccfba87af1),platform=Windows NT 10.0.15063 x86_64) (WARNING: The server did not provide any stacktrace information)
Command duration or timeout: 4 milliseconds
Build info: version: '2.53.0', revision: '35ae25b', time: '2016-03-15 17:00:58'
System info: host: 'GLASH', ip: '192.168.2.104', os.name: 'Windows 10', os.arch: 'amd64', os.version: '10.0', java.version: '1.8.0_121'
Driver info: org.openqa.selenium.chrome.ChromeDriver
Capabilities [{applicationCacheEnabled=false, rotatable=false, mobileEmulationEnabled=false, networkConnectionEnabled=false, chrome={chromedriverVersion=2.34.522940 (1a76f96f66e3ca7b8e57d503b4dd3bccfba87af1), userDataDir=C:\Users\dell\AppData\Local\Temp\scoped_dir10456_13223}, takesHeapSnapshot=true, pageLoadStrategy=normal, databaseEnabled=false, handlesAlerts=true, hasTouchScreen=false, version=62.0.3202.62, platform=XP, browserConnectionEnabled=false, nativeEvents=true, acceptSslCerts=true, locationContextEnabled=true, webStorageEnabled=true, browserName=chrome, takesScreenshot=true, javascriptEnabled=true, cssSelectorsEnabled=true, setWindowRect=true, unexpectedAlertBehaviour=}]
Session ID: 01f95b542a93cac52ad754df2e06dc1e
	at sun.reflect.NativeConstructorAccessorImpl.newInstance0(Native Method)
	at sun.reflect.NativeConstructorAccessorImpl.newInstance(Unknown Source)
	at sun.reflect.DelegatingConstructorAccessorImpl.newInstance(Unknown Source)
	at java.lang.reflect.Constructor.newInstance(Unknown Source)
	at org.openqa.selenium.remote.ErrorHandler.createThrowable(ErrorHandler.java:206)
	at org.openqa.selenium.remote.ErrorHandler.throwIfResponseFailed(ErrorHandler.java:158)
	at org.openqa.selenium.remote.RemoteWebDriver.execute(RemoteWebDriver.java:678)
	at org.openqa.selenium.remote.RemoteWebDriver.execute(RemoteWebDriver.java:701)
	at org.openqa.selenium.remote.RemoteWebDriver.getCurrentUrl(RemoteWebDriver.java:326)
	at com.pub.wtd.common.BaseAction.isCurrentURL(BaseAction.java:203)
	at demo.TC_BaiDuSearch.execute(TC_BaiDuSearch.java:48)
	at com.pub.wtd.common.Engine.runCommonCases(Engine.java:412)
	at com.pub.wtd.common.Engine.<init>(Engine.java:160)
	at com.pub.wtd.common.Main.runCase(Main.java:50)
	at com.pub.wtd.common.Main.main(Main.java:35)
414 [main] INFO TC_BaiDuSearch.class - ~~~~~~ Test Point ¡¾ GoToHome ¡¿  : (»Øµ½Ê×Ò³)  is ¡¾ fail ¡¿  {can not go to home page}
425 [main] INFO TC_BaiDuSearch.class - ~~~~~~~~~~~~ Start to Capture the Screen ~~~~~~~~~~~~
436 [main] INFO TC_BaiDuSearch.class - errorStack
org.openqa.selenium.NoSuchWindowException: no such window: target window already closed
from unknown error: web view not found
  (Session info: chrome=62.0.3202.62)
  (Driver info: chromedriver=2.34.522940 (1a76f96f66e3ca7b8e57d503b4dd3bccfba87af1),platform=Windows NT 10.0.15063 x86_64) (WARNING: The server did not provide any stacktrace information)
Command duration or timeout: 8 milliseconds
Build info: version: '2.53.0', revision: '35ae25b', time: '2016-03-15 17:00:58'
System info: host: 'GLASH', ip: '192.168.2.104', os.name: 'Windows 10', os.arch: 'amd64', os.version: '10.0', java.version: '1.8.0_121'
Driver info: org.openqa.selenium.chrome.ChromeDriver
Capabilities [{applicationCacheEnabled=false, rotatable=false, mobileEmulationEnabled=false, networkConnectionEnabled=false, chrome={chromedriverVersion=2.34.522940 (1a76f96f66e3ca7b8e57d503b4dd3bccfba87af1), userDataDir=C:\Users\dell\AppData\Local\Temp\scoped_dir10456_13223}, takesHeapSnapshot=true, pageLoadStrategy=normal, databaseEnabled=false, handlesAlerts=true, hasTouchScreen=false, version=62.0.3202.62, platform=XP, browserConnectionEnabled=false, nativeEvents=true, acceptSslCerts=true, locationContextEnabled=true, webStorageEnabled=true, browserName=chrome, takesScreenshot=true, javascriptEnabled=true, cssSelectorsEnabled=true, setWindowRect=true, unexpectedAlertBehaviour=}]
Session ID: 01f95b542a93cac52ad754df2e06dc1e
	at sun.reflect.NativeConstructorAccessorImpl.newInstance0(Native Method)
	at sun.reflect.NativeConstructorAccessorImpl.newInstance(Unknown Source)
	at sun.reflect.DelegatingConstructorAccessorImpl.newInstance(Unknown Source)
	at java.lang.reflect.Constructor.newInstance(Unknown Source)
	at org.openqa.selenium.remote.ErrorHandler.createThrowable(ErrorHandler.java:206)
	at org.openqa.selenium.remote.ErrorHandler.throwIfResponseFailed(ErrorHandler.java:158)
	at org.openqa.selenium.remote.RemoteWebDriver.execute(RemoteWebDriver.java:678)
	at org.openqa.selenium.remote.RemoteWebDriver.execute(RemoteWebDriver.java:701)
	at org.openqa.selenium.remote.RemoteWebDriver.getScreenshotAs(RemoteWebDriver.java:335)
	at com.pub.wtd.util.ScreenCapture.<init>(ScreenCapture.java:39)
	at com.pub.wtd.common.BaseAction.screenCapture(BaseAction.java:53)
	at demo.TC_BaiDuSearch.execute(TC_BaiDuSearch.java:56)
	at com.pub.wtd.common.Engine.runCommonCases(Engine.java:412)
	at com.pub.wtd.common.Engine.<init>(Engine.java:160)
	at com.pub.wtd.common.Main.runCase(Main.java:50)
	at com.pub.wtd.common.Main.main(Main.java:35)
438 [main] INFO TC_BaiDuSearch.class - ~~~~~~~~~~~~ Start to Capture the Screen ~~~~~~~~~~~~
472 [main] INFO TC_BaiDuSearch.class - ################## Finish to Execute Case: ¡¾ TC_BaiDuSearch~demo~common ¡¿####################
473 [main] INFO TC_BaiDuSearch.class - #################### Test Result is : ¡¾ block ¡¿####################
473 [main] INFO TC_BaiDuSearch.class - ################## The Test Description is : ¡¾  ¡¿####################
473 [main] INFO TC_BaiDuSearch.class - ######################################  WTD Finished ######################################
473 [main] INFO TC_BaiDuSearch.class - ###########################################################################################
473 [main] INFO TC_BaiDuSearch.class - ###########################################################################################
473 [main] INFO TC_BaiDuSearch.class - ###########################################################################################
